Front-End/GOPIT-Android-App/app/build/intermediates/manifest_merge_blame_file/debug/manifest-merger-blame-debug-report.txt
1<?xml version="1.0" encoding="utf-8"?>
2<manifest xmlns:android="http://schemas.android.com/apk/res/android"
3    package="com.example.imageclassificationdemo"
4    android:versionCode="1"
5    android:versionName="1.0" >
6
7    <uses-sdk
8        android:minSdkVersion="22"
8-->src\main\AndroidManifest.xml
9        android:targetSdkVersion="29" />
9-->src\main\AndroidManifest.xml
10    <!-- camera access -->
11    <uses-feature
11-->src\main\AndroidManifest.xml:5:5-7:35
12        android:name="android.hardware.Camera"
12-->src\main\AndroidManifest.xml:6:9-47
13        android:required="true" />
13-->src\main\AndroidManifest.xml:7:9-32
14    <uses-feature android:name="android.hardware.camera.any" />
14-->src\main\AndroidManifest.xml:8:5-64
14-->src\main\AndroidManifest.xml:8:19-61
15
16    <uses-permission android:name="android.permission.CAMERA" />
16-->src\main\AndroidManifest.xml:10:5-65
16-->src\main\AndroidManifest.xml:10:22-62
17
18    <queries>
18-->[androidx.camera:camera-extensions:1.0.0-alpha23] AndroidManifest.xml:24:5-28:15
19        <intent>
19-->[androidx.camera:camera-extensions:1.0.0-alpha23] AndroidManifest.xml:25:9-27:18
20            <action android:name="androidx.camera.extensions.action.VENDOR_ACTION" />
20-->[androidx.camera:camera-extensions:1.0.0-alpha23] AndroidManifest.xml:26:13-86
20-->[androidx.camera:camera-extensions:1.0.0-alpha23] AndroidManifest.xml:26:21-83
21        </intent>
22    </queries>
23
24    <uses-permission android:name="android.permission.WRITE_EXTERNAL_STORAGE" />
25    <uses-permission android:name="android.permission.READ_PHONE_STATE" />
26    <uses-permission android:name="android.permission.READ_EXTERNAL_STORAGE" />
27
28    <application
28-->src\main\AndroidManifest.xml:12:5-35:19
29        android:allowBackup="true"
29-->src\main\AndroidManifest.xml:13:9-35
30        android:appComponentFactory="androidx.core.app.CoreComponentFactory"
30-->[androidx.core:core:1.3.2] AndroidManifest.xml:24:18-86
31        android:debuggable="true"
32        android:icon="@drawable/logo"
32-->src\main\AndroidManifest.xml:14:9-38
33        android:label="@string/app_name"
33-->src\main\AndroidManifest.xml:15:9-41
34        android:roundIcon="@mipmap/ic_launcher_round"
34-->src\main\AndroidManifest.xml:16:9-54
35        android:supportsRtl="true"
35-->src\main\AndroidManifest.xml:17:9-35
36        android:testOnly="true"
37        android:theme="@style/AppTheme" >
37-->src\main\AndroidManifest.xml:18:9-40
38        <activity android:name="com.example.imageclassificationdemo.Help" />
38-->src\main\AndroidManifest.xml:19:9-51
38-->src\main\AndroidManifest.xml:19:19-39
39        <activity android:name="com.example.imageclassificationdemo.AboutUs" />
39-->src\main\AndroidManifest.xml:20:9-45
39-->src\main\AndroidManifest.xml:20:19-42
40        <activity android:name="com.example.imageclassificationdemo.result_window" />
40-->src\main\AndroidManifest.xml:21:9-51
40-->src\main\AndroidManifest.xml:21:19-48
41        <activity android:name="com.example.imageclassificationdemo.selectOptionActivity" />
41-->src\main\AndroidManifest.xml:22:9-58
41-->src\main\AndroidManifest.xml:22:19-55
42        <activity android:name="com.example.imageclassificationdemo.ScanActivity" />
42-->src\main\AndroidManifest.xml:23:9-50
42-->src\main\AndroidManifest.xml:23:19-47
43        <activity android:name="com.example.imageclassificationdemo.SplashActivity" >
43-->src\main\AndroidManifest.xml:24:9-30:20
43-->src\main\AndroidManifest.xml:24:19-49
44            <intent-filter>
44-->src\main\AndroidManifest.xml:25:13-29:29
45                <action android:name="android.intent.action.MAIN" />
45-->src\main\AndroidManifest.xml:26:17-69
45-->src\main\AndroidManifest.xml:26:25-66
46
47                <category android:name="android.intent.category.LAUNCHER" />
47-->src\main\AndroidManifest.xml:28:17-77
47-->src\main\AndroidManifest.xml:28:27-74
48            </intent-filter>
49        </activity>
50
51        <meta-data
51-->src\main\AndroidManifest.xml:32:9-34:57
52            android:name="preloaded_fonts"
52-->src\main\AndroidManifest.xml:33:13-43
53            android:resource="@array/preloaded_fonts" />
53-->src\main\AndroidManifest.xml:34:13-54
54
55        <uses-library
55-->[androidx.camera:camera-extensions:1.0.0-alpha23] AndroidManifest.xml:31:9-33:40
56            android:name="androidx.camera.extensions.impl"
56-->[androidx.camera:camera-extensions:1.0.0-alpha23] AndroidManifest.xml:32:13-59
57            android:required="false" />
57-->[androidx.camera:camera-extensions:1.0.0-alpha23] AndroidManifest.xml:33:13-37
58    </application>
59
60</manifest>